<?xml version="1.0" encoding="UTF-8"?>
<testng-results ignored="0" total="2" passed="2" failed="0" skipped="0">
  <reporter-output>
  </reporter-output>
  <suite started-at="2025-08-13T21:20:31 IST" name="Default suite" finished-at="2025-08-13T21:20:46 IST" duration-ms="15384">
    <groups>
    </groups>
    <test started-at="2025-08-13T21:20:31 IST" name="Default test" finished-at="2025-08-13T21:20:46 IST" duration-ms="15384">
      <class name="com.testdemo.testDemo4.Application">
        <test-method is-config="true" signature="launchBrowser()[pri:0, instance:com.testdemo.testDemo4.Application@557caf28]" started-at="2025-08-13T21:20:31 IST" name="launchBrowser" finished-at="2025-08-13T21:20:38 IST" duration-ms="7707" status="PASS">
          <reporter-output>
          </reporter-output>
        </test-method> <!-- launchBrowser -->
        <test-method signature="launchGoogle()[pri:0, instance:com.testdemo.testDemo4.Application@557caf28]" started-at="2025-08-13T21:20:38 IST" name="launchGoogle" finished-at="2025-08-13T21:20:40 IST" duration-ms="1685" status="PASS">
          <reporter-output>
          </reporter-output>
        </test-method> <!-- launchGoogle -->
        <test-method signature="registerNewUser()[pri:0, instance:com.testdemo.testDemo4.Application@557caf28]" started-at="2025-08-13T21:20:40 IST" name="registerNewUser" finished-at="2025-08-13T21:20:44 IST" duration-ms="4252" status="PASS">
          <reporter-output>
          </reporter-output>
        </test-method> <!-- registerNewUser -->
        <test-method is-config="true" signature="tearDown()[pri:0, instance:com.testdemo.testDemo4.Application@557caf28]" started-at="2025-08-13T21:20:44 IST" name="tearDown" finished-at="2025-08-13T21:20:46 IST" duration-ms="1553" status="PASS">
          <reporter-output>
          </reporter-output>
        </test-method> <!-- tearDown -->
      </class> <!-- com.testdemo.testDemo4.Application -->
    </test> <!-- Default test -->
  </suite> <!-- Default suite -->
</testng-results>
