<?xml version="1.0" encoding="UTF-8"?>
<testng-results ignored="0" total="2" passed="1" failed="1" skipped="0">
  <reporter-output>
  </reporter-output>
  <suite started-at="2025-08-13T20:20:14 IST" name="Default suite" finished-at="2025-08-13T20:20:24 IST" duration-ms="9885">
    <groups>
    </groups>
    <test started-at="2025-08-13T20:20:14 IST" name="Default test" finished-at="2025-08-13T20:20:24 IST" duration-ms="9885">
      <class name="com.testdemo.TestNG1.Annotations">
        <test-method is-config="true" signature="beforeSuite()[pri:0, instance:com.testdemo.TestNG1.Annotations@4c402120]" started-at="2025-08-13T20:20:14 IST" name="beforeSuite" finished-at="2025-08-13T20:20:14 IST" duration-ms="12" status="PASS">
          <reporter-output>
          </reporter-output>
        </test-method> <!-- beforeSuite -->
        <test-method is-config="true" signature="beforeTEST()[pri:0, instance:com.testdemo.TestNG1.Annotations@4c402120]" started-at="2025-08-13T20:20:14 IST" name="beforeTEST" finished-at="2025-08-13T20:20:14 IST" duration-ms="0" status="PASS">
          <reporter-output>
          </reporter-output>
        </test-method> <!-- beforeTEST -->
        <test-method is-config="true" signature="beforeClass()[pri:0, instance:com.testdemo.TestNG1.Annotations@4c402120]" started-at="2025-08-13T20:20:14 IST" name="beforeClass" finished-at="2025-08-13T20:20:20 IST" duration-ms="5304" status="PASS">
          <reporter-output>
          </reporter-output>
        </test-method> <!-- beforeClass -->
        <test-method is-config="true" signature="beforeMethod()[pri:0, instance:com.testdemo.TestNG1.Annotations@4c402120]" started-at="2025-08-13T20:20:20 IST" name="beforeMethod" finished-at="2025-08-13T20:20:20 IST" duration-ms="752" status="PASS">
          <reporter-output>
          </reporter-output>
        </test-method> <!-- beforeMethod -->
        <test-method signature="verifypage()[pri:1, instance:com.testdemo.TestNG1.Annotations@4c402120]" started-at="2025-08-13T20:20:20 IST" name="verifypage" finished-at="2025-08-13T20:20:20 IST" duration-ms="4" status="PASS">
          <reporter-output>
          </reporter-output>
        </test-method> <!-- verifypage -->
        <test-method is-config="true" signature="afterMethod()[pri:0, instance:com.testdemo.TestNG1.Annotations@4c402120]" started-at="2025-08-13T20:20:20 IST" name="afterMethod" finished-at="2025-08-13T20:20:21 IST" duration-ms="636" status="PASS">
          <reporter-output>
          </reporter-output>
        </test-method> <!-- afterMethod -->
        <test-method is-config="true" signature="beforeMethod()[pri:0, instance:com.testdemo.TestNG1.Annotations@4c402120]" started-at="2025-08-13T20:20:21 IST" name="beforeMethod" finished-at="2025-08-13T20:20:22 IST" duration-ms="665" status="PASS">
          <reporter-output>
          </reporter-output>
        </test-method> <!-- beforeMethod -->
        <test-method signature="LoginTest()[pri:2, instance:com.testdemo.TestNG1.Annotations@4c402120]" started-at="2025-08-13T20:20:22 IST" name="LoginTest" finished-at="2025-08-13T20:20:23 IST" duration-ms="1253" status="FAIL">
          <exception class="junit.framework.ComparisonFailure">
            <message>
              <![CDATA[OrangeHRM expected:<OrangeHRM> but was:<title is mismatched>]]>
            </message>
            <full-stacktrace>
              <![CDATA[junit.framework.ComparisonFailure: OrangeHRM expected:<OrangeHRM> but was:<title is mismatched>
at junit.framework.Assert.assertEquals(Assert.java:81)
at com.testdemo.TestNG1.Annotations.LoginTest(Annotations.java:61)
at java.base/jdk.internal.reflect.NativeMethodAccessorImpl.invoke0(Native Method)
at java.base/jdk.internal.reflect.NativeMethodAccessorImpl.invoke(NativeMethodAccessorImpl.java:77)
at java.base/jdk.internal.reflect.DelegatingMethodAccessorImpl.invoke(DelegatingMethodAccessorImpl.java:43)
at java.base/java.lang.reflect.Method.invoke(Method.java:568)
at org.testng.internal.invokers.MethodInvocationHelper.invokeMethod(MethodInvocationHelper.java:141)
at org.testng.internal.invokers.TestInvoker.invokeMethod(TestInvoker.java:687)
at org.testng.internal.invokers.TestInvoker.invokeTestMethod(TestInvoker.java:230)
at org.testng.internal.invokers.MethodRunner.runInSequence(MethodRunner.java:63)
at org.testng.internal.invokers.TestInvoker$MethodInvocationAgent.invoke(TestInvoker.java:995)
at org.testng.internal.invokers.TestInvoker.invokeTestMethods(TestInvoker.java:203)
at org.testng.internal.invokers.TestMethodWorker.invokeTestMethods(TestMethodWorker.java:154)
at org.testng.internal.invokers.TestMethodWorker.run(TestMethodWorker.java:134)
at java.base/java.util.ArrayList.forEach(ArrayList.java:1511)
at org.testng.TestRunner.privateRun(TestRunner.java:741)
at org.testng.TestRunner.run(TestRunner.java:616)
at org.testng.SuiteRunner.runTest(SuiteRunner.java:421)
at org.testng.SuiteRunner.runSequentially(SuiteRunner.java:413)
at org.testng.SuiteRunner.privateRun(SuiteRunner.java:373)
at org.testng.SuiteRunner.run(SuiteRunner.java:312)
at org.testng.SuiteRunnerWorker.runSuite(SuiteRunnerWorker.java:52)
at org.testng.SuiteRunnerWorker.run(SuiteRunnerWorker.java:95)
at org.testng.TestNG.runSuitesSequentially(TestNG.java:1274)
at org.testng.TestNG.runSuitesLocally(TestNG.java:1208)
at org.testng.TestNG.runSuites(TestNG.java:1112)
at org.testng.TestNG.run(TestNG.java:1079)
at org.testng.remote.AbstractRemoteTestNG.run(AbstractRemoteTestNG.java:115)
at org.testng.remote.RemoteTestNG.initAndRun(RemoteTestNG.java:293)
at org.testng.remote.RemoteTestNG.main(RemoteTestNG.java:91)
]]>
            </full-stacktrace>
          </exception> <!-- junit.framework.ComparisonFailure -->
          <reporter-output>
          </reporter-output>
        </test-method> <!-- LoginTest -->
        <test-method is-config="true" signature="afterMethod()[pri:0, instance:com.testdemo.TestNG1.Annotations@4c402120]" started-at="2025-08-13T20:20:23 IST" name="afterMethod" finished-at="2025-08-13T20:20:24 IST" duration-ms="627" status="PASS">
          <reporter-output>
          </reporter-output>
        </test-method> <!-- afterMethod -->
        <test-method is-config="true" signature="afterClass()[pri:0, instance:com.testdemo.TestNG1.Annotations@4c402120]" started-at="2025-08-13T20:20:24 IST" name="afterClass" finished-at="2025-08-13T20:20:24 IST" duration-ms="581" status="PASS">
          <reporter-output>
          </reporter-output>
        </test-method> <!-- afterClass -->
        <test-method is-config="true" signature="afterTest()[pri:0, instance:com.testdemo.TestNG1.Annotations@4c402120]" started-at="2025-08-13T20:20:24 IST" name="afterTest" finished-at="2025-08-13T20:20:24 IST" duration-ms="0" status="PASS">
          <reporter-output>
          </reporter-output>
        </test-method> <!-- afterTest -->
        <test-method is-config="true" signature="afterSuite()[pri:0, instance:com.testdemo.TestNG1.Annotations@4c402120]" started-at="2025-08-13T20:20:24 IST" name="afterSuite" finished-at="2025-08-13T20:20:24 IST" duration-ms="1" status="PASS">
          <reporter-output>
          </reporter-output>
        </test-method> <!-- afterSuite -->
      </class> <!-- com.testdemo.TestNG1.Annotations -->
    </test> <!-- Default test -->
  </suite> <!-- Default suite -->
</testng-results>
